<?xml version="1.0" encoding="UTF-8"?>
<coverage generated="1660752302132" clover="3.2.0">
  <project timestamp="1660752302132" name="All files">
    <metrics statements="17" coveredstatements="17" conditionals="4" coveredconditionals="4" methods="7" coveredmethods="7" elements="28" coveredelements="28" complexity="0" loc="17" ncloc="17" packages="1" files="4" classes="4"/>
    <file name="countLetter.js" path="C:\Users\Gustavo\Documents\github-portfolio\rickandmorty-challenge\src\utils\countLetter.js">
      <metrics statements="5" coveredstatements="5" conditionals="2" coveredconditionals="2" methods="2" coveredmethods="2"/>
      <line num="1" count="1" type="stmt"/>
      <line num="2" count="1" type="stmt"/>
      <line num="4" count="1" type="stmt"/>
      <line num="8" count="11" type="cond" truecount="2" falsecount="0"/>
      <line num="11" count="1" type="stmt"/>
    </file>
    <file name="extractNames.js" path="C:\Users\Gustavo\Documents\github-portfolio\rickandmorty-challenge\src\utils\extractNames.js">
      <metrics statements="3" coveredstatements="3" conditionals="0" coveredconditionals="0" methods="2" coveredmethods="2"/>
      <line num="1" count="1" type="stmt"/>
      <line num="2" count="1" type="stmt"/>
      <line num="3" count="3" type="stmt"/>
    </file>
    <file name="formatTime.js" path="C:\Users\Gustavo\Documents\github-portfolio\rickandmorty-challenge\src\utils\formatTime.js">
      <metrics statements="3" coveredstatements="3" conditionals="2" coveredconditionals="2" methods="1" coveredmethods="1"/>
      <line num="2" count="4" type="stmt"/>
      <line num="3" count="4" type="cond" truecount="2" falsecount="0"/>
      <line num="5" count="4" type="stmt"/>
    </file>
    <file name="generateOutput.js" path="C:\Users\Gustavo\Documents\github-portfolio\rickandmorty-challenge\src\utils\generateOutput.js">
      <metrics statements="6" coveredstatements="6" conditionals="0" coveredconditionals="0" methods="2" coveredmethods="2"/>
      <line num="3" count="1" type="stmt"/>
      <line num="9" count="1" type="stmt"/>
      <line num="32" count="1" type="stmt"/>
      <line num="35" count="1" type="stmt"/>
      <line num="36" count="1" type="stmt"/>
      <line num="43" count="1" type="stmt"/>
    </file>
  </project>
</coverage>
