{"C:\\Users\\Gustavo\\Documents\\github-portfolio\\rickandmorty-challenge\\src\\utils\\countLetter.js": {"path":"C:\\Users\\Gustavo\\Documents\\github-portfolio\\rickandmorty-challenge\\src\\utils\\countLetter.js","statementMap":{"0":{"start":{"line":1,"column":27},"end":{"line":12,"column":1}},"1":{"start":{"line":2,"column":20},"end":{"line":2,"column":21}},"2":{"start":{"line":4,"column":2},"end":{"line":9,"column":7}},"3":{"start":{"line":8,"column":6},"end":{"line":8,"column":60}},"4":{"start":{"line":8,"column":46},"end":{"line":8,"column":60}},"5":{"start":{"line":11,"column":2},"end":{"line":11,"column":21}}},"fnMap":{"0":{"name":"(anonymous_0)","decl":{"start":{"line":1,"column":27},"end":{"line":1,"column":28}},"loc":{"start":{"line":1,"column":46},"end":{"line":12,"column":1}},"line":1},"1":{"name":"(anonymous_1)","decl":{"start":{"line":7,"column":13},"end":{"line":7,"column":14}},"loc":{"start":{"line":7,"column":34},"end":{"line":9,"column":5}},"line":7}},"branchMap":{"0":{"loc":{"start":{"line":8,"column":6},"end":{"line":8,"column":60}},"type":"if","locations":[{"start":{"line":8,"column":6},"end":{"line":8,"column":60}},{"start":{},"end":{}}],"line":8}},"s":{"0":1,"1":1,"2":1,"3":11,"4":2,"5":1},"f":{"0":1,"1":11},"b":{"0":[2,9]},"_coverageSchema":"1a1c01bbd47fc00a2c39e90264f33305004495a9","hash":"c121327984f6304fd780c6f04930222a22a34cdd"}
,"C:\\Users\\Gustavo\\Documents\\github-portfolio\\rickandmorty-challenge\\src\\utils\\extractNames.js": {"path":"C:\\Users\\Gustavo\\Documents\\github-portfolio\\rickandmorty-challenge\\src\\utils\\extractNames.js","statementMap":{"0":{"start":{"line":1,"column":28},"end":{"line":5,"column":1}},"1":{"start":{"line":2,"column":2},"end":{"line":4,"column":5}},"2":{"start":{"line":3,"column":4},"end":{"line":3,"column":21}}},"fnMap":{"0":{"name":"(anonymous_0)","decl":{"start":{"line":1,"column":28},"end":{"line":1,"column":29}},"loc":{"start":{"line":1,"column":39},"end":{"line":5,"column":1}},"line":1},"1":{"name":"(anonymous_1)","decl":{"start":{"line":2,"column":19},"end":{"line":2,"column":20}},"loc":{"start":{"line":2,"column":29},"end":{"line":4,"column":3}},"line":2}},"branchMap":{},"s":{"0":1,"1":1,"2":3},"f":{"0":1,"1":3},"b":{},"_coverageSchema":"1a1c01bbd47fc00a2c39e90264f33305004495a9","hash":"b400bb399c106c1ede92fefb98fe9c332c664069"}
,"C:\\Users\\Gustavo\\Documents\\github-portfolio\\rickandmorty-challenge\\src\\utils\\formatTime.js": {"path":"C:\\Users\\Gustavo\\Documents\\github-portfolio\\rickandmorty-challenge\\src\\utils\\formatTime.js","statementMap":{"0":{"start":{"line":2,"column":18},"end":{"line":2,"column":41}},"1":{"start":{"line":3,"column":22},"end":{"line":3,"column":78}},"2":{"start":{"line":5,"column":2},"end":{"line":5,"column":45}}},"fnMap":{"0":{"name":"formatTime","decl":{"start":{"line":1,"column":16},"end":{"line":1,"column":26}},"loc":{"start":{"line":1,"column":33},"end":{"line":6,"column":1}},"line":1}},"branchMap":{"0":{"loc":{"start":{"line":3,"column":22},"end":{"line":3,"column":78}},"type":"cond-expr","locations":[{"start":{"line":3,"column":36},"end":{"line":3,"column":51}},{"start":{"line":3,"column":54},"end":{"line":3,"column":78}}],"line":3}},"s":{"0":4,"1":4,"2":4},"f":{"0":4},"b":{"0":[1,3]},"_coverageSchema":"1a1c01bbd47fc00a2c39e90264f33305004495a9","hash":"5331de8e9396e4f30193a48802272f0246021306"}
,"C:\\Users\\Gustavo\\Documents\\github-portfolio\\rickandmorty-challenge\\src\\utils\\generateOutput.js": {"path":"C:\\Users\\Gustavo\\Documents\\github-portfolio\\rickandmorty-challenge\\src\\utils\\generateOutput.js","statementMap":{"0":{"start":{"line":3,"column":37},"end":{"line":33,"column":1}},"1":{"start":{"line":9,"column":24},"end":{"line":30,"column":3}},"2":{"start":{"line":32,"column":2},"end":{"line":32,"column":25}},"3":{"start":{"line":35,"column":43},"end":{"line":44,"column":1}},"4":{"start":{"line":36,"column":30},"end":{"line":41,"column":3}},"5":{"start":{"line":43,"column":2},"end":{"line":43,"column":31}}},"fnMap":{"0":{"name":"(anonymous_0)","decl":{"start":{"line":3,"column":37},"end":{"line":3,"column":38}},"loc":{"start":{"line":8,"column":5},"end":{"line":33,"column":1}},"line":8},"1":{"name":"(anonymous_1)","decl":{"start":{"line":35,"column":43},"end":{"line":35,"column":44}},"loc":{"start":{"line":35,"column":71},"end":{"line":44,"column":1}},"line":35}},"branchMap":{},"s":{"0":1,"1":1,"2":1,"3":1,"4":1,"5":1},"f":{"0":1,"1":1},"b":{},"_coverageSchema":"1a1c01bbd47fc00a2c39e90264f33305004495a9","hash":"43faf1d6601cf4199ec86e1a2048b0235c69e16b"}
}
