TN:
SF:src\utils\countLetter.js
FN:1,(anonymous_0)
FN:7,(anonymous_1)
FNF:2
FNH:2
FNDA:1,(anonymous_0)
FNDA:11,(anonymous_1)
DA:1,1
DA:2,1
DA:4,1
DA:8,11
DA:11,1
LF:5
LH:5
BRDA:8,0,0,2
BRDA:8,0,1,9
BRF:2
BRH:2
end_of_record
TN:
SF:src\utils\extractNames.js
FN:1,(anonymous_0)
FN:2,(anonymous_1)
FNF:2
FNH:2
FNDA:1,(anonymous_0)
FNDA:3,(anonymous_1)
DA:1,1
DA:2,1
DA:3,3
LF:3
LH:3
BRF:0
BRH:0
end_of_record
TN:
SF:src\utils\formatTime.js
FN:1,formatTime
FNF:1
FNH:1
FNDA:4,formatTime
DA:2,4
DA:3,4
DA:5,4
LF:3
LH:3
BRDA:3,0,0,1
BRDA:3,0,1,3
BRF:2
BRH:2
end_of_record
TN:
SF:src\utils\generateOutput.js
FN:3,(anonymous_0)
FN:35,(anonymous_1)
FNF:2
FNH:2
FNDA:1,(anonymous_0)
FNDA:1,(anonymous_1)
DA:3,1
DA:9,1
DA:32,1
DA:35,1
DA:36,1
DA:43,1
LF:6
LH:6
BRF:0
BRH:0
end_of_record
